1.5210 	WARNING 	We strongly recommend you activate the PTB sound engine in PsychoPy prefs as the preferred audio engine. Its timing is vastly superior. Your prefs are currently set to use ['sounddevice', 'PTB', 'pyo', 'pygame'] (in that order).
15.5171 	EXP 	Created window1 = Window(allowGUI=False, allowStencil=False, args=UNKNOWN, autoLog=True, bitsMode=UNKNOWN, blendMode='avg', bpc=(8, 8, 8), color=array([0., 0., 0.]), colorSpace='rgb', depthBits=8, fullscr=<method-wrapper '__getattribute__' of attributeSetter object at 0x137b6d7b8>, gamma=None, gammaErrorPolicy='raise', kwargs=UNKNOWN, lms=UNKNOWN, monitor=<psychopy.monitors.calibTools.Monitor object at 0x1359a13c8>, multiSample=False, name='window1', numSamples=2, pos=[360.0, 225.0], screen=0, size=array([2880, 1800]), stencilBits=0, stereo=False, units='height', useFBO=True, useRetina=True, viewOri=0.0, viewPos=None, viewScale=None, waitBlanking=True, winType='pyglet')
15.5171 	EXP 	window1: recordFrameIntervals = False
15.6830 	EXP 	window1: recordFrameIntervals = True
15.8666 	EXP 	window1: recordFrameIntervals = False
16.2493 	EXP 	Created instruct = TextStim(__class__=<class 'psychopy.visual.text.TextStim'>, alignHoriz=method-wrapper(...), alignText='center', alignVert=method-wrapper(...), anchorHoriz='center', anchorVert='center', antialias=True, autoLog=True, bold=False, color='white', colorSpace='named', contrast=1.0, depth=0.0, flipHoriz=False, flipVert=False, font='Arial', fontFiles=[], height=0.05, italic=False, languageStyle='LTR', name='instruct', opacity=1.0, ori=0, pos=array([0., 0.]), rgb=array([255., 255., 255.]), text=str(...), units='height', win=Window(...), wrapWidth=1)
16.4724 	EXP 	Created cur_face = ImageStim(__class__=<class 'psychopy.visual.image.ImageStim'>, autoLog=True, color=array([1., 1., 1.]), colorSpace='rgb', contrast=1.0, depth=0.0, flipHoriz=False, flipVert=False, image='sin', interpolate=True, mask=None, maskParams=None, name='cur_face', opacity=1.0, ori=0.0, pos=array([0., 0.]), size=array([0.5, 0.5]), texRes=128, units='height', win=Window(...))
16.7011 	EXP 	Created end_text = TextStim(__class__=<class 'psychopy.visual.text.TextStim'>, alignHoriz=method-wrapper(...), alignText='center', alignVert=method-wrapper(...), anchorHoriz='center', anchorVert='center', antialias=True, autoLog=True, bold=False, color='white', colorSpace='named', contrast=1.0, depth=0.0, flipHoriz=False, flipVert=False, font='Arial', fontFiles=[], height=0.05, italic=False, languageStyle='LTR', name='end_text', opacity=1.0, ori=0, pos=array([0., 0.]), rgb=array([255., 255., 255.]), text=str(...), units='height', win=Window(...), wrapWidth=1)
16.9551 	EXP 	instruct: autoDraw = True
23.0390 	EXP 	Imported face10_names.csv as conditions, 10 conditions, 2 params
23.0394 	EXP 	Created sequence: random, trialTypes=10, nReps=1, seed=None
23.0398 	EXP 	New trial (rep=0, index=0): OrderedDict([('ix', 8), ('face', 'stim/022721.png')])
23.2259 	DATA 	Keypress: space
23.2399 	EXP 	instruct: autoDraw = False
23.2399 	EXP 	cur_face: image = 'stim/022721.png'
23.7382 	EXP 	cur_face: autoDraw = True
25.0230 	EXP 	New trial (rep=0, index=1): OrderedDict([('ix', 4), ('face', 'stim/022442.png')])
25.1168 	DATA 	Keypress: q
25.1380 	EXP 	cur_face: autoDraw = False
25.1380 	EXP 	cur_face: image = 'stim/022442.png'
25.6215 	EXP 	cur_face: autoDraw = True
26.0225 	EXP 	New trial (rep=0, index=2): OrderedDict([('ix', 1), ('face', 'stim/022126.png')])
26.1033 	DATA 	Keypress: p
26.1220 	EXP 	cur_face: autoDraw = False
26.1220 	EXP 	cur_face: image = 'stim/022126.png'
26.6049 	EXP 	cur_face: autoDraw = True
27.0891 	EXP 	New trial (rep=0, index=3): OrderedDict([('ix', 6), ('face', 'stim/022495.png')])
27.1893 	DATA 	Keypress: p
27.2049 	EXP 	cur_face: autoDraw = False
27.2049 	EXP 	cur_face: image = 'stim/022495.png'
27.6880 	EXP 	cur_face: autoDraw = True
27.9059 	EXP 	New trial (rep=0, index=4): OrderedDict([('ix', 5), ('face', 'stim/022324.png')])
27.9960 	DATA 	Keypress: q
28.0084 	EXP 	cur_face: autoDraw = False
28.0084 	EXP 	cur_face: image = 'stim/022324.png'
28.4880 	EXP 	cur_face: autoDraw = True
30.3062 	EXP 	New trial (rep=0, index=5): OrderedDict([('ix', 3), ('face', 'stim/022318.png')])
30.3924 	DATA 	Keypress: p
30.4045 	EXP 	cur_face: autoDraw = False
30.4045 	EXP 	cur_face: image = 'stim/022318.png'
30.8880 	EXP 	cur_face: autoDraw = True
31.1387 	EXP 	New trial (rep=0, index=6): OrderedDict([('ix', 0), ('face', 'stim/022668.png')])
31.2464 	DATA 	Keypress: p
31.2573 	EXP 	cur_face: autoDraw = False
31.2573 	EXP 	cur_face: image = 'stim/022668.png'
31.7381 	EXP 	cur_face: autoDraw = True
31.9557 	EXP 	New trial (rep=0, index=7): OrderedDict([('ix', 2), ('face', 'stim/022898.png')])
32.0537 	DATA 	Keypress: q
32.0715 	EXP 	cur_face: autoDraw = False
32.0715 	EXP 	cur_face: image = 'stim/022898.png'
32.5545 	EXP 	cur_face: autoDraw = True
32.8888 	EXP 	New trial (rep=0, index=8): OrderedDict([('ix', 9), ('face', 'stim/022047.png')])
32.9754 	DATA 	Keypress: p
32.9878 	EXP 	cur_face: autoDraw = False
32.9878 	EXP 	cur_face: image = 'stim/022047.png'
33.4713 	EXP 	cur_face: autoDraw = True
33.7056 	EXP 	New trial (rep=0, index=9): OrderedDict([('ix', 7), ('face', 'stim/022085.png')])
33.8069 	DATA 	Keypress: p
33.8212 	EXP 	cur_face: autoDraw = False
33.8212 	EXP 	cur_face: image = 'stim/022085.png'
34.3045 	EXP 	cur_face: autoDraw = True
34.8737 	DATA 	Keypress: q
34.8882 	EXP 	cur_face: autoDraw = False
36.8713 	EXP 	end_text: autoDraw = True
37.3732 	DATA 	Keypress: space
37.3877 	EXP 	end_text: autoDraw = False
37.6717 	EXP 	window1: mouseVisible = True
